<?xml version="1.0" encoding="UTF-8"?>
<testsuite name="TestSuite" time="18.122" tests="10" errors="0" skipped="0" failures="0">
  <properties>
    <property name="java.runtime.name" value="Java(TM) SE Runtime Environment"/>
    <property name="java.vm.version" value="11.0.10+8-LTS-162"/>
    <property name="sun.boot.library.path" value="/Library/Java/JavaVirtualMachines/jdk-11.0.10.jdk/Contents/Home/lib"/>
    <property name="gopherProxySet" value="false"/>
    <property name="maven.multiModuleProjectDirectory" value="/Users/sumtagnihoti/eclipse-workspace/FreeCRMTest"/>
    <property name="java.vm.vendor" value="Oracle Corporation"/>
    <property name="java.vendor.url" value="https://openjdk.java.net/"/>
    <property name="guice.disable.misplaced.annotation.check" value="true"/>
    <property name="path.separator" value=":"/>
    <property name="java.vm.name" value="Java HotSpot(TM) 64-Bit Server VM"/>
    <property name="sun.os.patch.level" value="unknown"/>
    <property name="user.country" value="IN"/>
    <property name="sun.java.launcher" value="SUN_STANDARD"/>
    <property name="java.vm.specification.name" value="Java Virtual Machine Specification"/>
    <property name="user.dir" value="/Users/sumtagnihoti/eclipse-workspace/FreeCRMTest"/>
    <property name="java.vm.compressedOopsMode" value="Zero based"/>
    <property name="java.runtime.version" value="11.0.10+8-LTS-162"/>
    <property name="java.awt.graphicsenv" value="sun.awt.CGraphicsEnvironment"/>
    <property name="os.arch" value="x86_64"/>
    <property name="java.io.tmpdir" value="/var/folders/06/36qh6q5947b17tg1625njq240000gn/T/"/>
    <property name="line.separator" value="&#10;"/>
    <property name="java.vm.specification.vendor" value="Oracle Corporation"/>
    <property name="os.name" value="Mac OS X"/>
    <property name="classworlds.conf" value="/Users/sumtagnihoti/eclipse-workspace/.metadata/.plugins/org.eclipse.m2e.launching/launches/m2conf16098579982543541855.tmp"/>
    <property name="sun.jnu.encoding" value="UTF-8"/>
    <property name="java.library.path" value="/Users/sumtagnihoti/Library/Java/Extensions:/Library/Java/Extensions:/Network/Library/Java/Extensions:/System/Library/Java/Extensions:/usr/lib/java:."/>
    <property name="jdk.debug" value="release"/>
    <property name="java.class.version" value="55.0"/>
    <property name="java.specification.name" value="Java Platform API Specification"/>
    <property name="sun.management.compiler" value="HotSpot 64-Bit Tiered Compilers"/>
    <property name="os.version" value="10.13.6"/>
    <property name="http.nonProxyHosts" value="local|*.local|169.254/16|*.169.254/16"/>
    <property name="user.home" value="/Users/sumtagnihoti"/>
    <property name="user.timezone" value="Asia/Kolkata"/>
    <property name="java.awt.printerjob" value="sun.lwawt.macosx.CPrinterJob"/>
    <property name="file.encoding" value="UTF-8"/>
    <property name="java.specification.version" value="11"/>
    <property name="user.name" value="sumtagnihoti"/>
    <property name="java.class.path" value="/Users/sumtagnihoti/.p2/pool/plugins/org.eclipse.m2e.maven.runtime_1.16.0.20210129-0849/jars/plexus-classworlds-2.6.0.jar"/>
    <property name="java.vm.specification.version" value="11"/>
    <property name="sun.arch.data.model" value="64"/>
    <property name="sun.java.command" value="org.codehaus.plexus.classworlds.launcher.Launcher -B test"/>
    <property name="java.home" value="/Library/Java/JavaVirtualMachines/jdk-11.0.10.jdk/Contents/Home"/>
    <property name="user.language" value="en"/>
    <property name="java.specification.vendor" value="Oracle Corporation"/>
    <property name="awt.toolkit" value="sun.lwawt.macosx.LWCToolkit"/>
    <property name="java.vm.info" value="mixed mode"/>
    <property name="java.version" value="11.0.10"/>
    <property name="java.vendor" value="Oracle Corporation"/>
    <property name="maven.home" value="/Users/sumtagnihoti/eclipse-workspace/FreeCRMTest/EMBEDDED"/>
    <property name="file.separator" value="/"/>
    <property name="java.version.date" value="2021-01-19"/>
    <property name="java.vendor.url.bug" value="https://bugreport.java.com/bugreport/"/>
    <property name="sun.io.unicode.encoding" value="UnicodeBig"/>
    <property name="sun.cpu.endian" value="little"/>
    <property name="java.vendor.version" value="18.9"/>
    <property name="socksNonProxyHosts" value="local|*.local|169.254/16|*.169.254/16"/>
    <property name="ftp.nonProxyHosts" value="local|*.local|169.254/16|*.169.254/16"/>
    <property name="sun.cpu.isalist" value=""/>
  </properties>
  <testcase name="loginPageTitleTest" classname="com.FreeCRM.testcases.LoginTest" time="0.028"/>
  <testcase name="crmLogoImageTest" classname="com.FreeCRM.testcases.LoginTest" time="0.094"/>
  <testcase name="loginTest" classname="com.FreeCRM.testcases.LoginTest" time="8.902"/>
  <testcase name="loginTest" classname="com.FreeCRM.testcases.LoginTest" time="9.449"/>
  <testcase name="loginTest" classname="com.FreeCRM.testcases.LoginTest" time="5.492"/>
  <testcase name="verifyHomePageTitleTest" classname="com.FreeCRM.testcases.HomePageTest" time="0.01"/>
  <testcase name="verifyUserNameTest" classname="com.FreeCRM.testcases.HomePageTest" time="4.196"/>
  <testcase name="goToContactsLinkTest" classname="com.FreeCRM.testcases.HomePageTest" time="1.357"/>
  <testcase name="contactsPageTest" classname="com.FreeCRM.testcases.ContactsPageTest" time="2.633"/>
  <testcase name="dealsPageTest" classname="com.FreeCRM.testcases.DealsPageTest" time="0.902"/>
</testsuite>