<?xml version="1.0" encoding="UTF-8"?>
<!-- Generated by org.testng.reporters.JUnitReportReporter -->
<testsuite hostname="MacBook-Pro.local" failures="0" tests="3" name="com.FreeCRM.testcases.HomePageTest" time="106.278" errors="0" timestamp="2021-04-23T15:22:52 IST" skipped="0">
  <testcase classname="com.FreeCRM.testcases.HomePageTest" name="verifyHomePageTitleTest" time="27.981"/>
  <system-out/>
  <testcase classname="com.FreeCRM.testcases.HomePageTest" name="verifyUserNameTest" time="45.108"/>
  <system-out/>
  <testcase classname="com.FreeCRM.testcases.HomePageTest" name="goToContactsLinkTest" time="33.189"/>
  <system-out/>
</testsuite> <!-- com.FreeCRM.testcases.HomePageTest -->
