<?xml version="1.0" encoding="UTF-8"?>
<!-- Generated by org.testng.reporters.JUnitReportReporter -->
<testsuite hostname="MacBook-Pro.local" failures="0" tests="3" name="com.FreeCRM.testcases.HomePageTest" time="118.768" errors="0" timestamp="2021-04-24T16:27:45 IST" skipped="0">
  <testcase classname="com.FreeCRM.testcases.HomePageTest" name="verifyHomePageTitleTest" time="25.551"/>
  <system-out/>
  <testcase classname="com.FreeCRM.testcases.HomePageTest" name="verifyUserNameTest" time="34.794"/>
  <system-out/>
  <testcase classname="com.FreeCRM.testcases.HomePageTest" name="goToContactsLinkTest" time="58.423"/>
  <system-out/>
</testsuite> <!-- com.FreeCRM.testcases.HomePageTest -->
