<?xml version="1.0" encoding="UTF-8"?>
<!-- Generated by org.testng.reporters.JUnitReportReporter -->
<testsuite hostname="MacBook-Pro.local" failures="0" tests="1" name="com.FreeCRM.testcases.DealsPageTest" time="52.264" errors="0" timestamp="2021-04-23T17:23:53 IST" skipped="0">
  <testcase classname="com.FreeCRM.testcases.DealsPageTest" name="dealsPageTest" time="52.264"/>
  <system-out/>
</testsuite> <!-- com.FreeCRM.testcases.DealsPageTest -->
