<?xml version="1.0" encoding="UTF-8"?>
<!-- Generated by org.testng.reporters.JUnitReportReporter -->
<testsuite hostname="MacBook-Pro.local" failures="0" tests="5" name="com.FreeCRM.testcases.LoginTest" time="172.330" errors="0" timestamp="2021-04-23T15:22:52 IST" skipped="0">
  <testcase classname="com.FreeCRM.testcases.LoginTest" name="loginPageTitleTest" time="37.824"/>
  <system-out/>
  <testcase classname="com.FreeCRM.testcases.LoginTest" name="crmLogoImageTest" time="22.360"/>
  <system-out/>
  <testcase classname="com.FreeCRM.testcases.LoginTest" name="loginTest" time="54.612"/>
  <system-out/>
  <testcase classname="com.FreeCRM.testcases.LoginTest" name="loginTest" time="27.051"/>
  <system-out/>
  <testcase classname="com.FreeCRM.testcases.LoginTest" name="loginTest" time="30.483"/>
  <system-out/>
</testsuite> <!-- com.FreeCRM.testcases.LoginTest -->
