<?xml version="1.0" encoding="UTF-8"?>
<!-- Generated by org.testng.reporters.JUnitReportReporter -->
<testsuite hostname="MacBook-Pro.local" failures="0" tests="5" name="com.FreeCRM.testcases.LoginTest" time="192.876" errors="0" timestamp="2021-04-24T16:27:45 IST" skipped="0">
  <testcase classname="com.FreeCRM.testcases.LoginTest" name="loginPageTitleTest" time="53.894"/>
  <system-out/>
  <testcase classname="com.FreeCRM.testcases.LoginTest" name="crmLogoImageTest" time="27.215"/>
  <system-out/>
  <testcase classname="com.FreeCRM.testcases.LoginTest" name="loginTest" time="42.711"/>
  <system-out/>
  <testcase classname="com.FreeCRM.testcases.LoginTest" name="loginTest" time="40.647"/>
  <system-out/>
  <testcase classname="com.FreeCRM.testcases.LoginTest" name="loginTest" time="28.409"/>
  <system-out/>
</testsuite> <!-- com.FreeCRM.testcases.LoginTest -->
