<?xml version="1.0" encoding="UTF-8"?>
<!-- Generated by org.testng.reporters.JUnitReportReporter -->
<testsuite hostname="MacBook-Pro.local" failures="0" tests="3" name="com.FreeCRM.testcases.HomePageTest" time="176.684" errors="0" timestamp="2021-04-23T14:29:40 IST" skipped="0">
  <testcase classname="com.FreeCRM.testcases.HomePageTest" name="verifyHomePageTitleTest" time="43.144"/>
  <system-out/>
  <testcase classname="com.FreeCRM.testcases.HomePageTest" name="verifyUserNameTest" time="76.489"/>
  <system-out/>
  <testcase classname="com.FreeCRM.testcases.HomePageTest" name="goToContactsLinkTest" time="57.051"/>
  <system-out/>
</testsuite> <!-- com.FreeCRM.testcases.HomePageTest -->
