<?xml version="1.0" encoding="UTF-8"?>
<!-- Generated by org.testng.reporters.JUnitReportReporter -->
<testsuite hostname="MacBook-Pro.local" failures="0" tests="3" name="com.FreeCRM.testcases.HomePageTest" time="159.635" errors="0" timestamp="2021-04-23T18:56:13 IST" skipped="0">
  <testcase classname="com.FreeCRM.testcases.HomePageTest" name="verifyHomePageTitleTest" time="40.506"/>
  <system-out/>
  <testcase classname="com.FreeCRM.testcases.HomePageTest" name="verifyUserNameTest" time="60.737"/>
  <system-out/>
  <testcase classname="com.FreeCRM.testcases.HomePageTest" name="goToContactsLinkTest" time="58.392"/>
  <system-out/>
</testsuite> <!-- com.FreeCRM.testcases.HomePageTest -->
