<?xml version="1.0" encoding="UTF-8"?>
<!-- Generated by org.testng.reporters.JUnitReportReporter -->
<testsuite hostname="MacBook-Pro.local" failures="0" tests="1" name="com.FreeCRM.testcases.ContactsPageTest" time="47.945" errors="0" timestamp="2021-04-23T18:56:13 IST" skipped="0">
  <testcase classname="com.FreeCRM.testcases.ContactsPageTest" name="contactsPageTest" time="47.945"/>
  <system-out/>
</testsuite> <!-- com.FreeCRM.testcases.ContactsPageTest -->
