<?xml version="1.0" encoding="UTF-8"?>
<!-- Generated by org.testng.reporters.JUnitReportReporter -->
<testsuite hostname="MacBook-Pro.local" failures="0" tests="5" name="com.FreeCRM.testcases.LoginTest" time="226.603" errors="0" timestamp="2021-04-23T14:29:40 IST" skipped="0">
  <testcase classname="com.FreeCRM.testcases.LoginTest" name="loginPageTitleTest" time="36.875"/>
  <system-out/>
  <testcase classname="com.FreeCRM.testcases.LoginTest" name="crmLogoImageTest" time="26.449"/>
  <system-out/>
  <testcase classname="com.FreeCRM.testcases.LoginTest" name="loginTest" time="80.829"/>
  <system-out/>
  <testcase classname="com.FreeCRM.testcases.LoginTest" name="loginTest" time="48.201"/>
  <system-out/>
  <testcase classname="com.FreeCRM.testcases.LoginTest" name="loginTest" time="34.249"/>
  <system-out/>
</testsuite> <!-- com.FreeCRM.testcases.LoginTest -->
