<?xml version="1.0" encoding="UTF-8"?>
<!-- Generated by org.testng.reporters.JUnitReportReporter -->
<testsuite hostname="MacBook-Pro.local" failures="0" tests="5" name="com.FreeCRM.testcases.LoginTest" time="269.865" errors="0" timestamp="2021-04-23T18:56:13 IST" skipped="0">
  <testcase classname="com.FreeCRM.testcases.LoginTest" name="loginPageTitleTest" time="41.449"/>
  <system-out/>
  <testcase classname="com.FreeCRM.testcases.LoginTest" name="crmLogoImageTest" time="66.977"/>
  <system-out/>
  <testcase classname="com.FreeCRM.testcases.LoginTest" name="loginTest" time="59.791"/>
  <system-out/>
  <testcase classname="com.FreeCRM.testcases.LoginTest" name="loginTest" time="41.602"/>
  <system-out/>
  <testcase classname="com.FreeCRM.testcases.LoginTest" name="loginTest" time="60.046"/>
  <system-out/>
</testsuite> <!-- com.FreeCRM.testcases.LoginTest -->
